


ARM Macro Assembler    Page 1 


    1 00000000         
    2 00000000         
    3 00000000                 AREA             appcode, CODE, READONLY
    4 00000000         
    5 00000000                 EXPORT           __main
    6 00000000                 ENTRY
    7 00000000         
    8 00000000         __main  FUNCTION
    9 00000000         
   10 00000000 F04F 050F       MOV              R5,#15      ;     TAKING FIRST 
                                                            NO. INTO REGISTER R
                                                            5.
   11 00000004 F04F 063C       MOV              R6,#60      ;      TAKING SECON
                                                            D ONE INTO REGISTER
                                                             R6.
   12 00000008 F04F 070B       MOV              R7,#11      ;     TAKING THE TH
                                                            IRD NO. INTO REGIST
                                                            ER R7. 
   13 0000000C         
   14 0000000C 42B5            CMP              R5,R6       ;      CALLING COMP
                                                            ARE INSTRUCTION TO 
                                                            MODIFY FLAGS.
   15 0000000E         
   16 0000000E BFB8            IT               LT          ;          IF-THEN 
                                                            CONDITION BEING USE
                                                            D. 'LT' IS THE LESS
                                                             THAN FLAG
   17 00000010 4635            MOVLT            R5,R6       ;    IF LT FLAG IS 
                                                            HIGH, THEN VALUE IN
                                                             R5 TAKES R6'S VALU
                                                            E.
   18 00000012         
   19 00000012 42BD            CMP              R5,R7       ;      THE SAME THI
                                                            NG NOW WITH REGISTE
                                                            R R5 AND R7 REGISTE
                                                            RS.
   20 00000014         
   21 00000014 BFB8            IT               LT          ;          SAME IF-
                                                            THEN CONDITION.
   22 00000016 463D            MOVLT            R5,R7       ;    MOVING R7 VALU
                                                            E INTO R5.
   23 00000018         
   24 00000018         
   25 00000018         ; R5 WILL CONTAIN THE LARGEST NO.
   26 00000018         
   27 00000018 E7FE    stop    B                stop        ; STOPS PROG.  
   28 0000001A                 ENDFUNC
   29 0000001A                 END
Command Line: --debug --xref --diag_suppress=9931 --cpu=Cortex-M4.fp --apcs=int
erwork --depend=.\objects\first.d -o.\objects\first.o -I.\RTE\_Target_1 -IC:\Us
ers\Shivam\AppData\Local\Arm\Packs\ARM\CMSIS\5.5.1\CMSIS\Core\Include -IC:\User
s\Shivam\AppData\Local\Arm\Packs\Keil\STM32F4xx_DFP\2.14.0\Drivers\CMSIS\Device
\ST\STM32F4xx\Include --predefine="__EVAL SETA 1" --predefine="__UVISION_VERSIO
N SETA 528" --predefine="_RTE_ SETA 1" --predefine="STM32F407xx SETA 1" --list=
.\listings\first.lst first.s



ARM Macro Assembler    Page 1 Alphabetic symbol ordering
Relocatable symbols

__main 00000000

Symbol: __main
   Definitions
      At line 8 in file first.s
   Uses
      At line 5 in file first.s
Comment: __main used once
appcode 00000000

Symbol: appcode
   Definitions
      At line 3 in file first.s
   Uses
      None
Comment: appcode unused
stop 00000018

Symbol: stop
   Definitions
      At line 27 in file first.s
   Uses
      At line 27 in file first.s
Comment: stop used once
3 symbols
338 symbols in table
