


ARM Macro Assembler    Page 1 


    1 00000000         
    2 00000000         
    3 00000000                 AREA             appcode, CODE, READONLY
    4 00000000         
    5 00000000                 EXPORT           __main
    6 00000000                 ENTRY
    7 00000000         
    8 00000000         __main  FUNCTION
    9 00000000         
   10 00000000 F04F 050E       MOV              R5,#14      ;    NO. TO BE EXAM
                                                            INED
   11 00000004 F04F 0601       MOV              R6,#1       ;   
   12 00000008 EA05 0506       AND              R5,R5,R6    ; CHECK LSB IS HIGH
                                                             OR NOT(EVEN OR ODD
                                                            )  
   13 0000000C         
   14 0000000C         ;IF 1 IN R5 THEN OUR NO. IS ODD, ELSE EVEN
   15 0000000C         
   16 0000000C E7FE    stop    B                stop        ; STOPS PROG.  
   17 0000000E                 ENDFUNC
   18 0000000E                 END
Command Line: --debug --xref --diag_suppress=9931 --cpu=Cortex-M4.fp --apcs=int
erwork --depend=.\objects\first.d -o.\objects\first.o -I.\RTE\_Target_1 -IC:\Us
ers\Shivam\AppData\Local\Arm\Packs\ARM\CMSIS\5.5.1\CMSIS\Core\Include -IC:\User
s\Shivam\AppData\Local\Arm\Packs\Keil\STM32F4xx_DFP\2.14.0\Drivers\CMSIS\Device
\ST\STM32F4xx\Include --predefine="__EVAL SETA 1" --predefine="__UVISION_VERSIO
N SETA 528" --predefine="_RTE_ SETA 1" --predefine="STM32F407xx SETA 1" --list=
.\listings\first.lst first.s



ARM Macro Assembler    Page 1 Alphabetic symbol ordering
Relocatable symbols

__main 00000000

Symbol: __main
   Definitions
      At line 8 in file first.s
   Uses
      At line 5 in file first.s
Comment: __main used once
appcode 00000000

Symbol: appcode
   Definitions
      At line 3 in file first.s
   Uses
      None
Comment: appcode unused
stop 0000000C

Symbol: stop
   Definitions
      At line 16 in file first.s
   Uses
      At line 16 in file first.s
Comment: stop used once
3 symbols
338 symbols in table
